<?xml version="1.0" encoding="UTF-8"?>
<testsuite name="model.PointTest" tests="2" skipped="0" failures="0" errors="0" timestamp="2021-01-25T21:55:27" hostname="LTUS120094" time="0.0">
  <properties/>
  <testcase name="getters_returnsSetValueForXandY" classname="model.PointTest" time="0.0"/>
  <testcase name="offset_offsetsXandYbyNewValues" classname="model.PointTest" time="0.0"/>
  <system-out><![CDATA[]]></system-out>
  <system-err><![CDATA[]]></system-err>
</testsuite>
