<?xml version="1.0" encoding="UTF-8"?>
<testsuite name="geomertyServiceTest" tests="1" skipped="0" failures="0" errors="0" timestamp="2021-01-25T21:36:46" hostname="LTUS120094" time="0.004">
  <properties/>
  <testcase name="getPlane_getShapesOnPlane" classname="geomertyServiceTest" time="0.004"/>
  <system-out><![CDATA[]]></system-out>
  <system-err><![CDATA[]]></system-err>
</testsuite>
