<?xml version="1.0" encoding="UTF-8"?>
<testsuite name="model.CircleTest" tests="1" skipped="0" failures="0" errors="0" timestamp="2021-01-25T22:22:28" hostname="LTUS120094" time="0.008">
  <properties/>
  <testcase name="updateRadius" classname="model.CircleTest" time="0.008"/>
  <system-out><![CDATA[]]></system-out>
  <system-err><![CDATA[]]></system-err>
</testsuite>
