<?xml version="1.0" encoding="UTF-8"?>
<testsuite name="geomertyServiceTest" tests="7" skipped="0" failures="0" errors="0" timestamp="2021-01-25T21:55:27" hostname="LTUS120094" time="0.067">
  <properties/>
  <testcase name="getCircleInformation_returnsRadiusAndPoint" classname="geomertyServiceTest" time="0.041"/>
  <testcase name="getPlane_getShapesOnPlane" classname="geomertyServiceTest" time="0.0"/>
  <testcase name="getRectangleInformation_returnsLengthWidthAndPoint" classname="geomertyServiceTest" time="0.022"/>
  <testcase name="getCircleInformation_returnsRadius" classname="geomertyServiceTest" time="0.0"/>
  <testcase name="getRectangleInformation_returnsLengthWidth" classname="geomertyServiceTest" time="0.001"/>
  <testcase name="distanceBetweenShapes_returnsLinearDistanceBetweenPoints" classname="geomertyServiceTest" time="0.0"/>
  <testcase name="getPointInformation_returnsCordinates" classname="geomertyServiceTest" time="0.001"/>
  <system-out><![CDATA[]]></system-out>
  <system-err><![CDATA[]]></system-err>
</testsuite>
